<?xml version="1.0" encoding="UTF-8"?>
<!-- Generated by org.testng.reporters.JUnitReportReporter -->
<testsuite hostname="DESKTOP-NE5DNC7" failures="0" tests="2" name="RunnerTest.TestRunner" time="12.923" errors="0" timestamp="2023-08-05T16:02:00 IST" skipped="0">
  <testcase classname="RunnerTest.TestRunner" name="runScenario" time="12.363"/>
  <system-out/>
  <testcase classname="RunnerTest.TestRunner" name="runScenario" time="0.560"/>
  <system-out/>
</testsuite> <!-- RunnerTest.TestRunner -->
