<?xml version="1.0" encoding="UTF-8"?>
<!-- Generated by org.testng.reporters.JUnitReportReporter -->
<testsuite hostname="DESKTOP-GEGVI44" failures="0" tests="1" name="RunnerTest.TestRunner" time="81.452" errors="0" timestamp="2023-08-05T14:39:11 IST" skipped="0">
  <testcase classname="RunnerTest.TestRunner" name="runScenario" time="81.452"/>
  <system-out/>
</testsuite> <!-- RunnerTest.TestRunner -->
