<?xml version="1.0" encoding="UTF-8"?>
<!-- Generated by org.testng.reporters.JUnitReportReporter -->
<testsuite hostname="LAPTOP-K88R6NSI" failures="0" tests="3" name="RunnerTest.TestRunner" time="28.459" errors="0" timestamp="2023-08-05T17:09:53 IST" skipped="0">
  <testcase classname="RunnerTest.TestRunner" name="runScenario" time="20.377"/>
  <system-out/>
  <testcase classname="RunnerTest.TestRunner" name="runScenario" time="6.128"/>
  <system-out/>
  <testcase classname="RunnerTest.TestRunner" name="runScenario" time="1.954"/>
  <system-out/>
</testsuite> <!-- RunnerTest.TestRunner -->
